<?xml version="1.0" encoding="UTF-8"?>
<!-- Generated by org.testng.reporters.JUnitReportReporter -->
<testsuite skipped="0" hostname="mithunraj" name="test.testcase2" tests="1" failures="0" timestamp="2019-08-29T13:54:25 IST" time="3.284" errors="0">
  <testcase name="verifyGooglePageTittle" time="3.284" classname="test.testcase2"/>
</testsuite> <!-- test.testcase2 -->
